<?xml version="1.0" encoding="UTF-8"?>
<!-- Generated by org.testng.reporters.JUnitXMLReporter -->
<testsuite hostname="D1RCZ4.bell.corp.bce.ca" ignored="0" name="MyTest" tests="1" failures="1" timestamp="13 Oct 2020 17:50:33 GMT" time="227.036" errors="0">
  <testcase name="TestFlightUpdateScript" time="182.623" classname="other.testcases.TestFlight">
    <failure type="java.lang.AssertionError" message="&amp;apos;Apps&amp;apos; header text -  Not Found in &amp;apos;TestFlight&amp;apos; app">
      <![CDATA[java.lang.AssertionError: 'Apps' header text -  Not Found in 'TestFlight' app
at other.pages.TestFlightApp.get_apps_h1(TestFlightApp.java:94)
at other.testcases.TestFlight.TestFlightUpdateScript(TestFlight.java:68)
at java.util.concurrent.FutureTask.run(FutureTask.java:266)
at java.util.concurrent.ThreadPoolExecutor.runWorker(ThreadPoolExecutor.java:1149)
at java.util.concurrent.ThreadPoolExecutor$Worker.run(ThreadPoolExecutor.java:624)
at java.lang.Thread.run(Thread.java:748)
... Removed 17 stack frames]]>
    </failure>
  </testcase> <!-- TestFlightUpdateScript -->
</testsuite> <!-- MyTest -->
