<?xml version="1.0" encoding="UTF-8"?>
<!-- Generated by org.testng.reporters.JUnitXMLReporter -->
<testsuite hostname="D1RCZ4.bell.corp.bce.ca" ignored="0" name="MyTest2" tests="1" failures="0" timestamp="13 Oct 2020 17:50:41 GMT" time="7.609" errors="0">
  <testcase name="@BeforeMethod BeforeClass" time="7.397" classname="com.base.TestBase">
    <skipped/>
  </testcase> <!-- @BeforeMethod BeforeClass -->
  <testcase name="@AfterMethod AfterClass" time="0.0" classname="com.base.TestBase">
    <skipped/>
  </testcase> <!-- @AfterMethod AfterClass -->
  <testcase name="PlaystoreUpdateScript" time="0.0" classname="other.testcases.PlayStore">
    <skipped/>
  </testcase> <!-- PlaystoreUpdateScript -->
</testsuite> <!-- MyTest2 -->
