<?xml version="1.0" encoding="UTF-8"?>
<testng-results skipped="0" failed="0" ignored="0" total="2" passed="2">
  <reporter-output>
  </reporter-output>
  <suite name="MySuite" duration-ms="275662" started-at="2020-10-13T18:26:01Z" finished-at="2020-10-13T18:30:36Z">
    <groups>
    </groups>
    <test name="Play_Store0" duration-ms="59981" started-at="2020-10-13T18:26:01Z" finished-at="2020-10-13T18:27:00Z">
      <class name="other.testcases.PlayStore">
        <test-method status="PASS" signature="setupSuit(org.testng.ITestContext)[pri:0, instance:other.testcases.PlayStore@2f686d1f]" name="setupSuit" is-config="true" duration-ms="108" started-at="2020-10-13T18:26:00Z" finished-at="2020-10-13T18:26:01Z">
          <params>
            <param index="0">
              <value>
                <![CDATA[org.testng.TestRunner@1573f9fc]]>
              </value>
            </param>
          </params>
          <reporter-output>
          </reporter-output>
        </test-method> <!-- setupSuit -->
        <test-method status="PASS" signature="BeforeTest(java.lang.String, org.testng.ITestContext)[pri:0, instance:other.testcases.PlayStore@2f686d1f]" name="BeforeTest" is-config="true" duration-ms="183" started-at="2020-10-13T18:26:01Z" finished-at="2020-10-13T18:26:01Z">
          <params>
            <param index="0">
              <value>
                <![CDATA[R58N70GGVZH]]>
              </value>
            </param>
            <param index="1">
              <value>
                <![CDATA[org.testng.TestRunner@1573f9fc]]>
              </value>
            </param>
          </params>
          <reporter-output>
          </reporter-output>
        </test-method> <!-- BeforeTest -->
        <test-method status="PASS" signature="BeforeClass(java.lang.String, org.testng.ITestContext, java.lang.reflect.Method)[pri:0, instance:other.testcases.PlayStore@2f686d1f]" name="BeforeClass" is-config="true" duration-ms="11907" started-at="2020-10-13T18:26:01Z" finished-at="2020-10-13T18:26:13Z">
          <params>
            <param index="0">
              <value>
                <![CDATA[R58N70GGVZH]]>
              </value>
            </param>
            <param index="1">
              <value>
                <![CDATA[org.testng.TestRunner@1573f9fc]]>
              </value>
            </param>
            <param index="2">
              <value>
                <![CDATA[public void other.testcases.PlayStore.PlaystoreUpdateScript()]]>
              </value>
            </param>
          </params>
          <reporter-output>
          </reporter-output>
        </test-method> <!-- BeforeClass -->
        <test-method status="PASS" signature="PlaystoreUpdateScript()[pri:0, instance:other.testcases.PlayStore@2f686d1f]" name="PlaystoreUpdateScript" duration-ms="45035" started-at="2020-10-13T18:26:13Z" finished-at="2020-10-13T18:26:58Z">
          <reporter-output>
          </reporter-output>
        </test-method> <!-- PlaystoreUpdateScript -->
        <test-method status="PASS" signature="AfterClass(java.lang.String, org.testng.ITestContext)[pri:0, instance:other.testcases.PlayStore@2f686d1f]" name="AfterClass" is-config="true" duration-ms="2843" started-at="2020-10-13T18:26:58Z" finished-at="2020-10-13T18:27:00Z">
          <params>
            <param index="0">
              <value>
                <![CDATA[R58N70GGVZH]]>
              </value>
            </param>
            <param index="1">
              <value>
                <![CDATA[org.testng.TestRunner@1573f9fc]]>
              </value>
            </param>
          </params>
          <reporter-output>
          </reporter-output>
        </test-method> <!-- AfterClass -->
        <test-method status="PASS" signature="endSuit(org.testng.ITestContext)[pri:0, instance:other.testcases.PlayStore@2f686d1f]" name="endSuit" is-config="true" duration-ms="259" started-at="2020-10-13T18:30:36Z" finished-at="2020-10-13T18:30:36Z">
          <params>
            <param index="0">
              <value>
                <![CDATA[org.testng.TestRunner@1573f9fc]]>
              </value>
            </param>
          </params>
          <reporter-output>
          </reporter-output>
        </test-method> <!-- endSuit -->
      </class> <!-- other.testcases.PlayStore -->
    </test> <!-- Play_Store0 -->
    <test name="Test_Flight0" duration-ms="275662" started-at="2020-10-13T18:26:01Z" finished-at="2020-10-13T18:30:36Z">
      <class name="other.testcases.TestFlight">
        <test-method status="PASS" signature="BeforeTest(java.lang.String, org.testng.ITestContext)[pri:0, instance:other.testcases.TestFlight@39c0f4a]" name="BeforeTest" is-config="true" duration-ms="255" started-at="2020-10-13T18:26:01Z" finished-at="2020-10-13T18:26:01Z">
          <params>
            <param index="0">
              <value>
                <![CDATA[00008030-001A550A2643802E]]>
              </value>
            </param>
            <param index="1">
              <value>
                <![CDATA[org.testng.TestRunner@6150c3ec]]>
              </value>
            </param>
          </params>
          <reporter-output>
          </reporter-output>
        </test-method> <!-- BeforeTest -->
        <test-method status="PASS" signature="BeforeClass(java.lang.String, org.testng.ITestContext, java.lang.reflect.Method)[pri:0, instance:other.testcases.TestFlight@39c0f4a]" name="BeforeClass" is-config="true" duration-ms="12441" started-at="2020-10-13T18:26:01Z" finished-at="2020-10-13T18:26:13Z">
          <params>
            <param index="0">
              <value>
                <![CDATA[00008030-001A550A2643802E]]>
              </value>
            </param>
            <param index="1">
              <value>
                <![CDATA[org.testng.TestRunner@6150c3ec]]>
              </value>
            </param>
            <param index="2">
              <value>
                <![CDATA[public void other.testcases.TestFlight.TestFlightUpdateScript()]]>
              </value>
            </param>
          </params>
          <reporter-output>
          </reporter-output>
        </test-method> <!-- BeforeClass -->
        <test-method status="PASS" signature="TestFlightUpdateScript()[pri:0, instance:other.testcases.TestFlight@39c0f4a]" name="TestFlightUpdateScript" duration-ms="259753" started-at="2020-10-13T18:26:13Z" finished-at="2020-10-13T18:30:33Z">
          <reporter-output>
          </reporter-output>
        </test-method> <!-- TestFlightUpdateScript -->
        <test-method status="PASS" signature="AfterClass(java.lang.String, org.testng.ITestContext)[pri:0, instance:other.testcases.TestFlight@39c0f4a]" name="AfterClass" is-config="true" duration-ms="3212" started-at="2020-10-13T18:30:33Z" finished-at="2020-10-13T18:30:36Z">
          <params>
            <param index="0">
              <value>
                <![CDATA[00008030-001A550A2643802E]]>
              </value>
            </param>
            <param index="1">
              <value>
                <![CDATA[org.testng.TestRunner@6150c3ec]]>
              </value>
            </param>
          </params>
          <reporter-output>
          </reporter-output>
        </test-method> <!-- AfterClass -->
      </class> <!-- other.testcases.TestFlight -->
    </test> <!-- Test_Flight0 -->
  </suite> <!-- MySuite -->
</testng-results>
